<?xml version="1.0" encoding="UTF-8"?>
<!-- Generated by org.testng.reporters.JUnitXMLReporter -->
<testsuite ignored="0" hostname="DESKTOP-7PUP5K7" failures="0" tests="12" name="RegressionTest1" time="58.535" errors="0" timestamp="05 Sep 2018 12:37:41 GMT">
  <testcase classname="TestSuites.TestCase01" name="aStartBrowser" time="2.956"/>
  <testcase classname="TestSuites.TestCase01" name="bEmailInputField" time="9.691"/>
  <testcase classname="TestSuites.TestCase01" name="cPasswordInputField" time="0.713"/>
  <testcase classname="TestSuites.TestCase01" name="dLoginButton" time="2.519"/>
  <testcase classname="TestSuites.TestCase01" name="eLogout" time="7.208"/>
  <testcase classname="TestSuites.TestCase02" name="aStartBrowser" time="2.089"/>
  <testcase classname="TestSuites.TestCase02" name="bLogin" time="11.555"/>
  <testcase classname="TestSuites.TestCase02" name="cMyProfilePage" time="0.999"/>
  <testcase classname="TestSuites.TestCase02" name="dChangePassword" time="2.189"/>
  <testcase classname="TestSuites.TestCase03" name="aStartBrowser" time="2.06"/>
  <testcase classname="TestSuites.TestCase03" name="bLogin" time="9.205"/>
  <testcase classname="TestSuites.TestCase03" name="cAddNewPatient" time="7.309"/>
</testsuite> <!-- RegressionTest1 -->
