<?xml version="1.0" encoding="UTF-8"?>
<!-- Generated by org.testng.reporters.JUnitXMLReporter -->
<testsuite ignored="0" hostname="DESKTOP-7PUP5K7" failures="0" tests="3" name="Default test" time="7.651" errors="0" timestamp="05 Sep 2018 12:04:12 GMT">
  <testcase classname="TestSuites.TestCase02" name="aStartBrowser" time="2.82"/>
  <testcase classname="TestSuites.TestCase01" name="aStartBrowser" time="2.332"/>
  <testcase classname="TestSuites.TestCase03" name="aStartBrowser" time="2.461"/>
</testsuite> <!-- Default test -->
