<?xml version="1.0" encoding="UTF-8"?>
<!-- Generated by org.testng.reporters.JUnitXMLReporter -->
<testsuite ignored="0" hostname="DESKTOP-7PUP5K7" failures="0" tests="3" name="Default test" time="32.435" errors="0" timestamp="08 Nov 2018 08:21:20 GMT">
  <testcase classname="TestSuite01.cFailAddPrescriptionForm_ErrorMessages" name="aStartBrowser" time="2.709"/>
  <testcase classname="TestSuite01.cFailAddPrescriptionForm_ErrorMessages" name="bLogin" time="7.45"/>
  <testcase classname="TestSuite01.cFailAddPrescriptionForm_ErrorMessages" name="cAddNewPatient" time="22.259"/>
</testsuite> <!-- Default test -->
