<?xml version="1.0" encoding="UTF-8"?>
<testng-results ignored="0" total="3" passed="3" failed="0" skipped="0">
  <reporter-output>
    <line>
      <![CDATA[This Test case is to validate errror messages that pop up in Patient form when user fails to enter values as expected]]>
    </line>
    <line>
      <![CDATA[------------------------------------------------------------------------------------------------]]>
    </line>
    <line>
      <![CDATA[---------------------Browser has started----------------]]>
    </line>
    <line>
      <![CDATA[-----------------------Asserted:--Add New Patient button is available in home page----------------]]>
    </line>
    <line>
      <![CDATA[                                                                                  ]]>
    </line>
    <line>
      <![CDATA[                                                                                  ]]>
    </line>
    <line>
      <![CDATA[=====================================================================]]>
    </line>
    <line>
      <![CDATA[----------------Test when First Name field is left blank-------------------]]>
    </line>
    <line>
      <![CDATA[                                                                                  ]]>
    </line>
    <line>
      <![CDATA[-------------Error message displayed is---------------Highlighted fields are invalid]]>
    </line>
    <line>
      <![CDATA[                                                                                  ]]>
    </line>
    <line>
      <![CDATA[-------------------Asserted:----Error message is displayed correctly for first name field when left blank------------------------]]>
    </line>
    <line>
      <![CDATA[                                                                                  ]]>
    </line>
    <line>
      <![CDATA[                                                                                  ]]>
    </line>
    <line>
      <![CDATA[=====================================================================]]>
    </line>
    <line>
      <![CDATA[----------------Test when Last Name field is left blank-------------------]]>
    </line>
    <line>
      <![CDATA[                                                                                  ]]>
    </line>
    <line>
      <![CDATA[-------------Error message displayed is---Highlighted fields are invalid]]>
    </line>
    <line>
      <![CDATA[                                                                                  ]]>
    </line>
    <line>
      <![CDATA[-----------Asserted:------Error message is displayed correctly for last name field when left blank------------------------]]>
    </line>
    <line>
      <![CDATA[                                                                                  ]]>
    </line>
    <line>
      <![CDATA[                                                                                  ]]>
    </line>
    <line>
      <![CDATA[=====================================================================]]>
    </line>
    <line>
      <![CDATA[----------------Test when Date field is left blank-------------------]]>
    </line>
    <line>
      <![CDATA[                                                                                  ]]>
    </line>
    <line>
      <![CDATA[-------------Error message displayed is -----Highlighted fields are invalid]]>
    </line>
    <line>
      <![CDATA[                                                                                  ]]>
    </line>
    <line>
      <![CDATA[-------------------Asserted:--Error message is displayed correctly for Date of Birth field when left blank------------------------]]>
    </line>
    <line>
      <![CDATA[                                                                                  ]]>
    </line>
    <line>
      <![CDATA[                                                                                  ]]>
    </line>
    <line>
      <![CDATA[=====================================================================]]>
    </line>
    <line>
      <![CDATA[----------------Test when Email field is left blank-------------------]]>
    </line>
    <line>
      <![CDATA[                                                                                  ]]>
    </line>
    <line>
      <![CDATA[-------------Error message displayed is-------Highlighted fields are invalid]]>
    </line>
    <line>
      <![CDATA[                                                                                  ]]>
    </line>
    <line>
      <![CDATA[---------------Asserted:---Error message is displayed correctly for Email field when left blank------------------------]]>
    </line>
    <line>
      <![CDATA[                                                                                  ]]>
    </line>
    <line>
      <![CDATA[                                                                                  ]]>
    </line>
    <line>
      <![CDATA[=====================================================================]]>
    </line>
    <line>
      <![CDATA[<br><img src='C:\Users\veenaramakrishnan\git\PTWired\PTWiredTest\Screenshots\TestCase03a\01PTWired.png' height='400' width='850'/><br>]]>
    </line>
    <line>
      <![CDATA[----------------Test when Email field is incorrectly populated-------------------]]>
    </line>
    <line>
      <![CDATA[                                                                                  ]]>
    </line>
    <line>
      <![CDATA[-------------Error message displayed is---------Invalid Email]]>
    </line>
    <line>
      <![CDATA[                                                                                  ]]>
    </line>
    <line>
      <![CDATA[------------------Asserted:--Error message is displayed correctly when email field is incorrectly populated------------------------]]>
    </line>
    <line>
      <![CDATA[                                                                                  ]]>
    </line>
    <line>
      <![CDATA[                                                                                  ]]>
    </line>
    <line>
      <![CDATA[=====================================================================]]>
    </line>
    <line>
      <![CDATA[----------------Test when Date field is incorrectly populated-------------------]]>
    </line>
    <line>
      <![CDATA[                                                                                  ]]>
    </line>
    <line>
      <![CDATA[-------------Error message displayed is---------Invalid date]]>
    </line>
    <line>
      <![CDATA[                                                                                  ]]>
    </line>
    <line>
      <![CDATA[--------------Asserted:--Error message is displayed correctly when date field is incorrectly populated------------------------]]>
    </line>
    <line>
      <![CDATA[                                                                                  ]]>
    </line>
    <line>
      <![CDATA[                                                                                  ]]>
    </line>
    <line>
      <![CDATA[=====================================================================]]>
    </line>
    <line>
      <![CDATA[<br><img src='C:\Users\veenaramakrishnan\git\PTWired\PTWiredTest\Screenshots\TestCase03a\02PTWired.png' height='400' width='850'/><br>]]>
    </line>
  </reporter-output>
  <suite started-at="2018-11-08T08:20:47Z" name="Default suite" finished-at="2018-11-08T08:21:20Z" duration-ms="32435">
    <groups>
    </groups>
    <test started-at="2018-11-08T08:20:47Z" name="Default test" finished-at="2018-11-08T08:21:20Z" duration-ms="32435">
      <class name="TestSuite01.cFailAddPrescriptionForm_ErrorMessages">
        <test-method signature="aStartBrowser()[pri:10, instance:TestSuite01.cFailAddPrescriptionForm_ErrorMessages@28f3b248]" started-at="2018-11-08T08:20:47Z" name="aStartBrowser" finished-at="2018-11-08T08:20:50Z" duration-ms="2709" status="PASS">
          <reporter-output>
            <line>
              <![CDATA[This Test case is to validate errror messages that pop up in Patient form when user fails to enter values as expected]]>
            </line>
            <line>
              <![CDATA[------------------------------------------------------------------------------------------------]]>
            </line>
            <line>
              <![CDATA[---------------------Browser has started----------------]]>
            </line>
          </reporter-output>
        </test-method> <!-- aStartBrowser -->
        <test-method signature="bLogin()[pri:11, instance:TestSuite01.cFailAddPrescriptionForm_ErrorMessages@28f3b248]" started-at="2018-11-08T08:20:50Z" name="bLogin" finished-at="2018-11-08T08:20:57Z" depends-on-methods="TestSuite01.cFailAddPrescriptionForm_ErrorMessages.aStartBrowser" duration-ms="7450" status="PASS">
          <reporter-output>
          </reporter-output>
        </test-method> <!-- bLogin -->
        <test-method signature="cAddNewPatient()[pri:12, instance:TestSuite01.cFailAddPrescriptionForm_ErrorMessages@28f3b248]" started-at="2018-11-08T08:20:57Z" name="cAddNewPatient" finished-at="2018-11-08T08:21:20Z" depends-on-methods="TestSuite01.cFailAddPrescriptionForm_ErrorMessages.bLogin" duration-ms="22259" status="PASS">
          <reporter-output>
            <line>
              <![CDATA[-----------------------Asserted:--Add New Patient button is available in home page----------------]]>
            </line>
            <line>
              <![CDATA[                                                                                  ]]>
            </line>
            <line>
              <![CDATA[                                                                                  ]]>
            </line>
            <line>
              <![CDATA[=====================================================================]]>
            </line>
            <line>
              <![CDATA[----------------Test when First Name field is left blank-------------------]]>
            </line>
            <line>
              <![CDATA[                                                                                  ]]>
            </line>
            <line>
              <![CDATA[-------------Error message displayed is---------------Highlighted fields are invalid]]>
            </line>
            <line>
              <![CDATA[                                                                                  ]]>
            </line>
            <line>
              <![CDATA[-------------------Asserted:----Error message is displayed correctly for first name field when left blank------------------------]]>
            </line>
            <line>
              <![CDATA[                                                                                  ]]>
            </line>
            <line>
              <![CDATA[                                                                                  ]]>
            </line>
            <line>
              <![CDATA[=====================================================================]]>
            </line>
            <line>
              <![CDATA[----------------Test when Last Name field is left blank-------------------]]>
            </line>
            <line>
              <![CDATA[                                                                                  ]]>
            </line>
            <line>
              <![CDATA[-------------Error message displayed is---Highlighted fields are invalid]]>
            </line>
            <line>
              <![CDATA[                                                                                  ]]>
            </line>
            <line>
              <![CDATA[-----------Asserted:------Error message is displayed correctly for last name field when left blank------------------------]]>
            </line>
            <line>
              <![CDATA[                                                                                  ]]>
            </line>
            <line>
              <![CDATA[                                                                                  ]]>
            </line>
            <line>
              <![CDATA[=====================================================================]]>
            </line>
            <line>
              <![CDATA[----------------Test when Date field is left blank-------------------]]>
            </line>
            <line>
              <![CDATA[                                                                                  ]]>
            </line>
            <line>
              <![CDATA[-------------Error message displayed is -----Highlighted fields are invalid]]>
            </line>
            <line>
              <![CDATA[                                                                                  ]]>
            </line>
            <line>
              <![CDATA[-------------------Asserted:--Error message is displayed correctly for Date of Birth field when left blank------------------------]]>
            </line>
            <line>
              <![CDATA[                                                                                  ]]>
            </line>
            <line>
              <![CDATA[                                                                                  ]]>
            </line>
            <line>
              <![CDATA[=====================================================================]]>
            </line>
            <line>
              <![CDATA[----------------Test when Email field is left blank-------------------]]>
            </line>
            <line>
              <![CDATA[                                                                                  ]]>
            </line>
            <line>
              <![CDATA[-------------Error message displayed is-------Highlighted fields are invalid]]>
            </line>
            <line>
              <![CDATA[                                                                                  ]]>
            </line>
            <line>
              <![CDATA[---------------Asserted:---Error message is displayed correctly for Email field when left blank------------------------]]>
            </line>
            <line>
              <![CDATA[                                                                                  ]]>
            </line>
            <line>
              <![CDATA[                                                                                  ]]>
            </line>
            <line>
              <![CDATA[=====================================================================]]>
            </line>
            <line>
              <![CDATA[<br><img src='C:\Users\veenaramakrishnan\git\PTWired\PTWiredTest\Screenshots\TestCase03a\01PTWired.png' height='400' width='850'/><br>]]>
            </line>
            <line>
              <![CDATA[----------------Test when Email field is incorrectly populated-------------------]]>
            </line>
            <line>
              <![CDATA[                                                                                  ]]>
            </line>
            <line>
              <![CDATA[-------------Error message displayed is---------Invalid Email]]>
            </line>
            <line>
              <![CDATA[                                                                                  ]]>
            </line>
            <line>
              <![CDATA[------------------Asserted:--Error message is displayed correctly when email field is incorrectly populated------------------------]]>
            </line>
            <line>
              <![CDATA[                                                                                  ]]>
            </line>
            <line>
              <![CDATA[                                                                                  ]]>
            </line>
            <line>
              <![CDATA[=====================================================================]]>
            </line>
            <line>
              <![CDATA[----------------Test when Date field is incorrectly populated-------------------]]>
            </line>
            <line>
              <![CDATA[                                                                                  ]]>
            </line>
            <line>
              <![CDATA[-------------Error message displayed is---------Invalid date]]>
            </line>
            <line>
              <![CDATA[                                                                                  ]]>
            </line>
            <line>
              <![CDATA[--------------Asserted:--Error message is displayed correctly when date field is incorrectly populated------------------------]]>
            </line>
            <line>
              <![CDATA[                                                                                  ]]>
            </line>
            <line>
              <![CDATA[                                                                                  ]]>
            </line>
            <line>
              <![CDATA[=====================================================================]]>
            </line>
            <line>
              <![CDATA[<br><img src='C:\Users\veenaramakrishnan\git\PTWired\PTWiredTest\Screenshots\TestCase03a\02PTWired.png' height='400' width='850'/><br>]]>
            </line>
          </reporter-output>
        </test-method> <!-- cAddNewPatient -->
      </class> <!-- TestSuite01.cFailAddPrescriptionForm_ErrorMessages -->
    </test> <!-- Default test -->
  </suite> <!-- Default suite -->
</testng-results>
