<?xml version="1.0" encoding="UTF-8"?>
<!-- Generated by org.testng.reporters.JUnitXMLReporter -->
<testsuite ignored="0" hostname="DESKTOP-7PUP5K7" failures="0" tests="3" name="Default test" time="31.196" errors="0" timestamp="25 Oct 2018 08:03:13 GMT">
  <testcase classname="TestSuite01.gPatientFormEmailValidation" name="aStartBrowser" time="3.107"/>
  <testcase classname="TestSuite01.gPatientFormEmailValidation" name="bLogin" time="9.308"/>
  <testcase classname="TestSuite01.gPatientFormEmailValidation" name="cAddNewPatient" time="18.748"/>
</testsuite> <!-- Default test -->
