<?xml version="1.0" encoding="UTF-8"?>
<!-- Generated by org.testng.reporters.JUnitXMLReporter -->
<testsuite ignored="0" hostname="DESKTOP-7PUP5K7" failures="0" tests="12" name="RegressionTest1" time="92.11" errors="0" timestamp="25 Sep 2018 06:19:17 GMT">
  <testcase classname="TestSuite01.aTestLoginLogout" name="aStartBrowser" time="3.921"/>
  <testcase classname="TestSuite01.aTestLoginLogout" name="bEmailInputField" time="13.115"/>
  <testcase classname="TestSuite01.aTestLoginLogout" name="cPasswordInputField" time="0.635"/>
  <testcase classname="TestSuite01.aTestLoginLogout" name="dLoginButton" time="10.968"/>
  <testcase classname="TestSuite01.aTestLoginLogout" name="eLogout" time="6.354"/>
  <testcase classname="TestSuite01.bChangePasswordLink" name="aStartBrowser" time="2.117"/>
  <testcase classname="TestSuite01.bChangePasswordLink" name="bLogin" time="13.425"/>
  <testcase classname="TestSuite01.bChangePasswordLink" name="cMyProfilePage" time="1.211"/>
  <testcase classname="TestSuite01.bChangePasswordLink" name="dChangePassword" time="2.391"/>
  <testcase classname="TestSuite01.cFailAddPrescriptionForm_ErrorMessages" name="aStartBrowser" time="2.122"/>
  <testcase classname="TestSuite01.cFailAddPrescriptionForm_ErrorMessages" name="bLogin" time="13.006"/>
  <testcase classname="TestSuite01.cFailAddPrescriptionForm_ErrorMessages" name="cAddNewPatient" time="22.796"/>
</testsuite> <!-- RegressionTest1 -->
